<?xml version="1.0" encoding="UTF-8"?>
<!-- Generated by org.testng.reporters.JUnitReportReporter -->
<testsuite hostname="GraFVS" name="OzonTest" tests="1" failures="0" timestamp="25 Sep 2017 00:53:53 GMT" time="111.919" errors="0">
  <testcase name="Test" time="111.919" classname="OzonTest"/>
</testsuite> <!-- OzonTest -->
